<?xml version="1.0" encoding="UTF-8"?>
<coverage generated="1784384961267" clover="3.2.0">
  <project timestamp="1784384961267" name="All files">
    <metrics statements="241" coveredstatements="241" conditionals="161" coveredconditionals="150" methods="60" coveredmethods="60" elements="462" coveredelements="451" complexity="0" loc="241" ncloc="241" packages="1" files="5" classes="5"/>
    <file name="ai-gateway.server.ts" path="/app/applet/src/lib/ai-gateway.server.ts">
      <metrics statements="36" coveredstatements="36" conditionals="42" coveredconditionals="41" methods="5" coveredmethods="5"/>
      <line num="8" count="4" type="stmt"/>
      <line num="20" count="9" type="stmt"/>
      <line num="27" count="15" type="stmt"/>
      <line num="28" count="15" type="stmt"/>
      <line num="29" count="15" type="cond" truecount="4" falsecount="0"/>
      <line num="30" count="11" type="stmt"/>
      <line num="31" count="11" type="stmt"/>
      <line num="33" count="4" type="cond" truecount="2" falsecount="0"/>
      <line num="34" count="2" type="stmt"/>
      <line num="35" count="2" type="stmt"/>
      <line num="41" count="11" type="stmt"/>
      <line num="42" count="11" type="stmt"/>
      <line num="44" count="11" type="stmt"/>
      <line num="50" count="11" type="stmt"/>
      <line num="59" count="15" type="cond" truecount="2" falsecount="0"/>
      <line num="61" count="13" type="stmt"/>
      <line num="62" count="13" type="cond" truecount="2" falsecount="0"/>
      <line num="63" count="2" type="stmt"/>
      <line num="64" count="11" type="cond" truecount="5" falsecount="0"/>
      <line num="65" count="1" type="stmt"/>
      <line num="67" count="10" type="stmt"/>
      <line num="71" count="13" type="cond" truecount="2" falsecount="0"/>
      <line num="72" count="2" type="stmt"/>
      <line num="75" count="13" type="stmt"/>
      <line num="77" count="13" type="stmt"/>
      <line num="78" count="13" type="cond" truecount="4" falsecount="0"/>
      <line num="79" count="4" type="stmt"/>
      <line num="80" count="4" type="cond" truecount="1" falsecount="1"/>
      <line num="81" count="4" type="cond" truecount="4" falsecount="0"/>
      <line num="82" count="2" type="stmt"/>
      <line num="84" count="2" type="cond" truecount="4" falsecount="0"/>
      <line num="85" count="1" type="stmt"/>
      <line num="87" count="1" type="stmt"/>
      <line num="92" count="7" type="cond" truecount="4" falsecount="0"/>
      <line num="93" count="2" type="stmt"/>
      <line num="97" count="7" type="stmt"/>
    </file>
    <file name="leaderboard.ts" path="/app/applet/src/lib/leaderboard.ts">
      <metrics statements="83" coveredstatements="83" conditionals="44" coveredconditionals="43" methods="22" coveredmethods="22"/>
      <line num="29" count="1" type="stmt"/>
      <line num="30" count="1" type="stmt"/>
      <line num="31" count="1" type="stmt"/>
      <line num="32" count="1" type="stmt"/>
      <line num="34" count="1" type="stmt"/>
      <line num="45" count="1" type="stmt"/>
      <line num="56" count="19" type="cond" truecount="2" falsecount="0"/>
      <line num="57" count="18" type="stmt"/>
      <line num="58" count="18" type="stmt"/>
      <line num="59" count="18" type="cond" truecount="2" falsecount="0"/>
      <line num="60" count="11" type="stmt"/>
      <line num="62" count="2" type="stmt"/>
      <line num="67" count="11" type="cond" truecount="1" falsecount="1"/>
      <line num="68" count="11" type="stmt"/>
      <line num="69" count="11" type="stmt"/>
      <line num="70" count="11" type="stmt"/>
      <line num="75" count="42" type="cond" truecount="2" falsecount="0"/>
      <line num="76" count="40" type="stmt"/>
      <line num="77" count="40" type="stmt"/>
      <line num="78" count="40" type="cond" truecount="2" falsecount="0"/>
      <line num="79" count="12" type="stmt"/>
      <line num="80" count="12" type="stmt"/>
      <line num="82" count="37" type="stmt"/>
      <line num="83" count="37" type="cond" truecount="2" falsecount="0"/>
      <line num="84" count="27" type="stmt"/>
      <line num="85" count="27" type="stmt"/>
      <line num="88" count="10" type="stmt"/>
      <line num="97" count="10" type="stmt"/>
      <line num="98" count="10" type="stmt"/>
      <line num="100" count="3" type="stmt"/>
      <line num="105" count="14" type="cond" truecount="2" falsecount="0"/>
      <line num="106" count="12" type="stmt"/>
      <line num="107" count="12" type="stmt"/>
      <line num="109" count="96" type="stmt"/>
      <line num="110" count="12" type="stmt"/>
      <line num="111" count="12" type="stmt"/>
      <line num="120" count="8" type="cond" truecount="2" falsecount="0"/>
      <line num="121" count="5" type="cond" truecount="4" falsecount="0"/>
      <line num="122" count="2" type="stmt"/>
      <line num="126" count="24" type="stmt"/>
      <line num="127" count="24" type="stmt"/>
      <line num="128" count="7" type="stmt"/>
      <line num="129" count="11" type="stmt"/>
      <line num="130" count="7" type="stmt"/>
      <line num="131" count="7" type="stmt"/>
      <line num="132" count="7" type="stmt"/>
      <line num="133" count="7" type="stmt"/>
      <line num="134" count="7" type="stmt"/>
      <line num="137" count="24" type="stmt"/>
      <line num="140" count="6" type="cond" truecount="2" falsecount="0"/>
      <line num="141" count="6" type="stmt"/>
      <line num="142" count="6" type="stmt"/>
      <line num="145" count="5" type="stmt"/>
      <line num="146" count="5" type="cond" truecount="2" falsecount="0"/>
      <line num="147" count="5" type="stmt"/>
      <line num="151" count="5" type="stmt"/>
      <line num="152" count="5" type="stmt"/>
      <line num="155" count="5" type="stmt"/>
      <line num="156" count="9" type="cond" truecount="2" falsecount="0"/>
      <line num="157" count="5" type="cond" truecount="4" falsecount="0"/>
      <line num="158" count="3" type="stmt"/>
      <line num="159" count="3" type="stmt"/>
      <line num="160" count="3" type="cond" truecount="2" falsecount="0"/>
      <line num="161" count="5" type="cond" truecount="4" falsecount="0"/>
      <line num="162" count="5" type="stmt"/>
      <line num="163" count="5" type="stmt"/>
      <line num="164" count="5" type="stmt"/>
      <line num="166" count="6" type="cond" truecount="2" falsecount="0"/>
      <line num="172" count="5" type="stmt"/>
      <line num="173" count="5" type="stmt"/>
      <line num="179" count="12" type="stmt"/>
      <line num="180" count="12" type="stmt"/>
      <line num="181" count="6" type="stmt"/>
      <line num="182" count="8" type="stmt"/>
      <line num="183" count="8" type="stmt"/>
      <line num="184" count="52" type="stmt"/>
      <line num="186" count="6" type="stmt"/>
      <line num="187" count="6" type="stmt"/>
      <line num="188" count="6" type="stmt"/>
      <line num="189" count="6" type="stmt"/>
      <line num="190" count="6" type="stmt"/>
      <line num="191" count="6" type="stmt"/>
      <line num="194" count="80" type="cond" truecount="2" falsecount="0"/>
    </file>
    <file name="offline-cache.ts" path="/app/applet/src/lib/offline-cache.ts">
      <metrics statements="22" coveredstatements="22" conditionals="16" coveredconditionals="16" methods="4" coveredmethods="4"/>
      <line num="5" count="1" type="stmt"/>
      <line num="10" count="5" type="cond" truecount="2" falsecount="0"/>
      <line num="11" count="4" type="stmt"/>
      <line num="12" count="4" type="stmt"/>
      <line num="13" count="4" type="cond" truecount="2" falsecount="0"/>
      <line num="14" count="3" type="stmt"/>
      <line num="15" count="3" type="cond" truecount="2" falsecount="0"/>
      <line num="16" count="1" type="stmt"/>
      <line num="18" count="1" type="stmt"/>
      <line num="23" count="2" type="cond" truecount="2" falsecount="0"/>
      <line num="24" count="1" type="stmt"/>
      <line num="25" count="1" type="stmt"/>
      <line num="26" count="1" type="stmt"/>
      <line num="31" count="3" type="cond" truecount="2" falsecount="0"/>
      <line num="32" count="2" type="stmt"/>
      <line num="36" count="4" type="cond" truecount="2" falsecount="0"/>
      <line num="37" count="3" type="stmt"/>
      <line num="38" count="3" type="cond" truecount="2" falsecount="0"/>
      <line num="39" count="2" type="stmt"/>
      <line num="40" count="2" type="cond" truecount="2" falsecount="0"/>
      <line num="41" count="1" type="stmt"/>
      <line num="42" count="1" type="stmt"/>
    </file>
    <file name="orders-store.ts" path="/app/applet/src/lib/orders-store.ts">
      <metrics statements="54" coveredstatements="54" conditionals="35" coveredconditionals="26" methods="25" coveredmethods="25"/>
      <line num="15" count="2" type="stmt"/>
      <line num="16" count="2" type="stmt"/>
      <line num="18" count="2" type="stmt"/>
      <line num="19" count="2" type="stmt"/>
      <line num="22" count="2" type="cond" truecount="1" falsecount="1"/>
      <line num="23" count="2" type="stmt"/>
      <line num="24" count="2" type="stmt"/>
      <line num="25" count="2" type="cond" truecount="1" falsecount="1"/>
      <line num="27" count="1" type="stmt"/>
      <line num="31" count="10" type="cond" truecount="1" falsecount="1"/>
      <line num="32" count="10" type="stmt"/>
      <line num="33" count="10" type="stmt"/>
      <line num="39" count="10" type="stmt"/>
      <line num="40" count="10" type="stmt"/>
      <line num="44" count="3" type="stmt"/>
      <line num="45" count="3" type="stmt"/>
      <line num="48" count="2" type="stmt"/>
      <line num="51" count="4" type="stmt"/>
      <line num="53" count="13" type="stmt"/>
      <line num="54" count="1" type="stmt"/>
      <line num="59" count="5" type="stmt"/>
      <line num="63" count="6" type="stmt"/>
      <line num="64" count="5" type="stmt"/>
      <line num="65" count="5" type="stmt"/>
      <line num="74" count="5" type="stmt"/>
      <line num="75" count="5" type="stmt"/>
      <line num="76" count="5" type="stmt"/>
      <line num="77" count="5" type="stmt"/>
      <line num="81" count="2" type="cond" truecount="1" falsecount="1"/>
      <line num="82" count="2" type="stmt"/>
      <line num="86" count="1" type="stmt"/>
      <line num="87" count="1" type="stmt"/>
      <line num="91" count="11" type="stmt"/>
      <line num="92" count="11" type="stmt"/>
      <line num="96" count="5" type="cond" truecount="1" falsecount="1"/>
      <line num="97" count="5" type="stmt"/>
      <line num="98" count="3" type="stmt"/>
      <line num="99" count="3" type="cond" truecount="3" falsecount="1"/>
      <line num="100" count="3" type="stmt"/>
      <line num="101" count="3" type="stmt"/>
      <line num="102" count="3" type="cond" truecount="4" falsecount="0"/>
      <line num="103" count="2" type="cond" truecount="1" falsecount="1"/>
      <line num="104" count="2" type="stmt"/>
      <line num="105" count="2" type="cond" truecount="2" falsecount="0"/>
      <line num="107" count="5" type="cond" truecount="1" falsecount="1"/>
      <line num="108" count="5" type="cond" truecount="1" falsecount="1"/>
      <line num="112" count="5" type="stmt"/>
      <line num="113" count="5" type="cond" truecount="2" falsecount="0"/>
      <line num="114" count="4" type="stmt"/>
      <line num="118" count="5" type="stmt"/>
      <line num="119" count="5" type="cond" truecount="2" falsecount="0"/>
      <line num="120" count="4" type="cond" truecount="2" falsecount="0"/>
      <line num="121" count="2" type="cond" truecount="2" falsecount="0"/>
      <line num="122" count="1" type="stmt"/>
    </file>
    <file name="translate.functions.ts" path="/app/applet/src/lib/translate.functions.ts">
      <metrics statements="46" coveredstatements="46" conditionals="24" coveredconditionals="24" methods="4" coveredmethods="4"/>
      <line num="6" count="9" type="stmt"/>
      <line num="18" count="9" type="stmt"/>
      <line num="23" count="9" type="stmt"/>
      <line num="56" count="9" type="stmt"/>
      <line num="160" count="11" type="cond" truecount="2" falsecount="0"/>
      <line num="163" count="10" type="stmt"/>
      <line num="164" count="10" type="stmt"/>
      <line num="165" count="30" type="cond" truecount="2" falsecount="0"/>
      <line num="169" count="2" type="stmt"/>
      <line num="174" count="8" type="stmt"/>
      <line num="175" count="8" type="stmt"/>
      <line num="176" count="20" type="stmt"/>
      <line num="177" count="20" type="cond" truecount="2" falsecount="0"/>
      <line num="178" count="9" type="stmt"/>
      <line num="180" count="9" type="cond" truecount="2" falsecount="0"/>
      <line num="181" count="2" type="stmt"/>
      <line num="183" count="7" type="stmt"/>
      <line num="185" count="11" type="stmt"/>
      <line num="188" count="8" type="stmt"/>
      <line num="191" count="8" type="stmt"/>
      <line num="194" count="9" type="stmt"/>
      <line num="195" count="10" type="stmt"/>
      <line num="198" count="7" type="stmt"/>
      <line num="199" count="7" type="stmt"/>
      <line num="200" count="7" type="stmt"/>
      <line num="201" count="7" type="cond" truecount="2" falsecount="0"/>
      <line num="203" count="6" type="cond" truecount="2" falsecount="0"/>
      <line num="204" count="7" type="stmt"/>
      <line num="205" count="7" type="stmt"/>
      <line num="206" count="7" type="stmt"/>
      <line num="208" count="7" type="cond" truecount="4" falsecount="0"/>
      <line num="210" count="1" type="stmt"/>
      <line num="213" count="5" type="stmt"/>
      <line num="215" count="5" type="stmt"/>
      <line num="216" count="5" type="stmt"/>
      <line num="218" count="5" type="cond" truecount="2" falsecount="0"/>
      <line num="219" count="3" type="stmt"/>
      <line num="228" count="3" type="stmt"/>
      <line num="237" count="2" type="cond" truecount="2" falsecount="0"/>
      <line num="239" count="2" type="stmt"/>
      <line num="240" count="2" type="stmt"/>
      <line num="241" count="2" type="stmt"/>
      <line num="243" count="2" type="stmt"/>
      <line num="250" count="2" type="cond" truecount="2" falsecount="0"/>
      <line num="253" count="4" type="stmt"/>
      <line num="256" count="1" type="stmt"/>
    </file>
  </project>
</coverage>
