{"/app/applet/src/lib/ai-gateway.server.ts": {"path":"/app/applet/src/lib/ai-gateway.server.ts","statementMap":{"0":{"start":{"line":8,"column":2},"end":{"line":16,"column":null}},"1":{"start":{"line":20,"column":16},"end":{"line":20,"column":null}},"2":{"start":{"line":27,"column":14},"end":{"line":27,"column":null}},"3":{"start":{"line":28,"column":12},"end":{"line":28,"column":null}},"4":{"start":{"line":29,"column":2},"end":{"line":32,"column":null}},"5":{"start":{"line":30,"column":4},"end":{"line":30,"column":null}},"6":{"start":{"line":31,"column":4},"end":{"line":31,"column":null}},"7":{"start":{"line":33,"column":2},"end":{"line":33,"column":null}},"8":{"start":{"line":33,"column":22},"end":{"line":33,"column":null}},"9":{"start":{"line":34,"column":2},"end":{"line":34,"column":null}},"10":{"start":{"line":35,"column":2},"end":{"line":35,"column":null}},"11":{"start":{"line":41,"column":21},"end":{"line":41,"column":null}},"12":{"start":{"line":42,"column":18},"end":{"line":42,"column":null}},"13":{"start":{"line":44,"column":2},"end":{"line":46,"column":null}},"14":{"start":{"line":50,"column":2},"end":{"line":54,"column":null}},"15":{"start":{"line":59,"column":2},"end":{"line":59,"column":null}},"16":{"start":{"line":59,"column":12},"end":{"line":59,"column":null}},"17":{"start":{"line":61,"column":12},"end":{"line":61,"column":null}},"18":{"start":{"line":62,"column":2},"end":{"line":68,"column":null}},"19":{"start":{"line":63,"column":4},"end":{"line":63,"column":null}},"20":{"start":{"line":64,"column":9},"end":{"line":68,"column":null}},"21":{"start":{"line":65,"column":4},"end":{"line":65,"column":null}},"22":{"start":{"line":67,"column":4},"end":{"line":67,"column":null}},"23":{"start":{"line":71,"column":2},"end":{"line":73,"column":null}},"24":{"start":{"line":72,"column":4},"end":{"line":72,"column":null}},"25":{"start":{"line":75,"column":2},"end":{"line":95,"column":null}},"26":{"start":{"line":77,"column":19},"end":{"line":77,"column":null}},"27":{"start":{"line":78,"column":4},"end":{"line":89,"column":null}},"28":{"start":{"line":79,"column":21},"end":{"line":79,"column":null}},"29":{"start":{"line":80,"column":6},"end":{"line":88,"column":null}},"30":{"start":{"line":81,"column":8},"end":{"line":83,"column":null}},"31":{"start":{"line":82,"column":10},"end":{"line":82,"column":null}},"32":{"start":{"line":84,"column":8},"end":{"line":86,"column":null}},"33":{"start":{"line":85,"column":10},"end":{"line":85,"column":null}},"34":{"start":{"line":87,"column":8},"end":{"line":87,"column":null}},"35":{"start":{"line":92,"column":4},"end":{"line":94,"column":null}},"36":{"start":{"line":93,"column":6},"end":{"line":93,"column":null}},"37":{"start":{"line":97,"column":2},"end":{"line":97,"column":null}}},"fnMap":{"0":{"name":"createLovableAiGatewayProvider","decl":{"start":{"line":3,"column":16},"end":{"line":3,"column":null}},"loc":{"start":{"line":7,"column":2},"end":{"line":17,"column":null}},"line":7},"1":{"name":"rateLimit","decl":{"start":{"line":22,"column":16},"end":{"line":22,"column":null}},"loc":{"start":{"line":26,"column":52},"end":{"line":36,"column":null}},"line":26},"2":{"name":"sanitizeUserText","decl":{"start":{"line":39,"column":16},"end":{"line":39,"column":33}},"loc":{"start":{"line":39,"column":67},"end":{"line":47,"column":null}},"line":39},"3":{"name":"clientKey","decl":{"start":{"line":49,"column":16},"end":{"line":49,"column":26}},"loc":{"start":{"line":49,"column":52},"end":{"line":56,"column":null}},"line":49},"4":{"name":"formatAiError","decl":{"start":{"line":58,"column":16},"end":{"line":58,"column":30}},"loc":{"start":{"line":58,"column":52},"end":{"line":98,"column":null}},"line":58}},"branchMap":{"0":{"loc":{"start":{"line":11,"column":31},"end":{"line":11,"column":null}},"type":"binary-expr","locations":[{"start":{"line":11,"column":31},"end":{"line":11,"column":61}},{"start":{"line":11,"column":61},"end":{"line":11,"column":null}}],"line":11},"1":{"loc":{"start":{"line":29,"column":2},"end":{"line":32,"column":null}},"type":"if","locations":[{"start":{"line":29,"column":2},"end":{"line":32,"column":null}},{"start":{},"end":{}}],"line":29},"2":{"loc":{"start":{"line":29,"column":6},"end":{"line":29,"column":29}},"type":"binary-expr","locations":[{"start":{"line":29,"column":6},"end":{"line":29,"column":12}},{"start":{"line":29,"column":12},"end":{"line":29,"column":29}}],"line":29},"3":{"loc":{"start":{"line":33,"column":2},"end":{"line":33,"column":null}},"type":"if","locations":[{"start":{"line":33,"column":2},"end":{"line":33,"column":null}},{"start":{},"end":{}}],"line":33},"4":{"loc":{"start":{"line":39,"column":47},"end":{"line":39,"column":67}},"type":"default-arg","locations":[{"start":{"line":39,"column":53},"end":{"line":39,"column":67}}],"line":39},"5":{"loc":{"start":{"line":51,"column":4},"end":{"line":54,"column":null}},"type":"binary-expr","locations":[{"start":{"line":51,"column":4},"end":{"line":51,"column":null}},{"start":{"line":52,"column":4},"end":{"line":52,"column":null}},{"start":{"line":53,"column":4},"end":{"line":53,"column":null}},{"start":{"line":54,"column":4},"end":{"line":54,"column":null}}],"line":51},"6":{"loc":{"start":{"line":59,"column":2},"end":{"line":59,"column":null}},"type":"if","locations":[{"start":{"line":59,"column":2},"end":{"line":59,"column":null}},{"start":{},"end":{}}],"line":59},"7":{"loc":{"start":{"line":62,"column":2},"end":{"line":68,"column":null}},"type":"if","locations":[{"start":{"line":62,"column":2},"end":{"line":68,"column":null}},{"start":{"line":64,"column":9},"end":{"line":68,"column":null}}],"line":62},"8":{"loc":{"start":{"line":64,"column":9},"end":{"line":68,"column":null}},"type":"if","locations":[{"start":{"line":64,"column":9},"end":{"line":68,"column":null}},{"start":{"line":66,"column":9},"end":{"line":68,"column":null}}],"line":64},"9":{"loc":{"start":{"line":64,"column":13},"end":{"line":64,"column":74}},"type":"binary-expr","locations":[{"start":{"line":64,"column":13},"end":{"line":64,"column":40}},{"start":{"line":64,"column":40},"end":{"line":64,"column":56}},{"start":{"line":64,"column":56},"end":{"line":64,"column":74}}],"line":64},"10":{"loc":{"start":{"line":71,"column":2},"end":{"line":73,"column":null}},"type":"if","locations":[{"start":{"line":71,"column":2},"end":{"line":73,"column":null}},{"start":{},"end":{}}],"line":71},"11":{"loc":{"start":{"line":78,"column":4},"end":{"line":89,"column":null}},"type":"if","locations":[{"start":{"line":78,"column":4},"end":{"line":89,"column":null}},{"start":{},"end":{}}],"line":78},"12":{"loc":{"start":{"line":78,"column":8},"end":{"line":78,"column":32}},"type":"binary-expr","locations":[{"start":{"line":78,"column":8},"end":{"line":78,"column":18}},{"start":{"line":78,"column":18},"end":{"line":78,"column":32}}],"line":78},"13":{"loc":{"start":{"line":80,"column":6},"end":{"line":88,"column":null}},"type":"if","locations":[{"start":{"line":80,"column":6},"end":{"line":88,"column":null}},{"start":{},"end":{}}],"line":80},"14":{"loc":{"start":{"line":81,"column":8},"end":{"line":83,"column":null}},"type":"if","locations":[{"start":{"line":81,"column":8},"end":{"line":83,"column":null}},{"start":{},"end":{}}],"line":81},"15":{"loc":{"start":{"line":81,"column":12},"end":{"line":81,"column":88}},"type":"binary-expr","locations":[{"start":{"line":81,"column":12},"end":{"line":81,"column":52}},{"start":{"line":81,"column":52},"end":{"line":81,"column":88}}],"line":81},"16":{"loc":{"start":{"line":84,"column":8},"end":{"line":86,"column":null}},"type":"if","locations":[{"start":{"line":84,"column":8},"end":{"line":86,"column":null}},{"start":{},"end":{}}],"line":84},"17":{"loc":{"start":{"line":84,"column":12},"end":{"line":84,"column":88}},"type":"binary-expr","locations":[{"start":{"line":84,"column":12},"end":{"line":84,"column":59}},{"start":{"line":84,"column":59},"end":{"line":84,"column":88}}],"line":84},"18":{"loc":{"start":{"line":92,"column":4},"end":{"line":94,"column":null}},"type":"if","locations":[{"start":{"line":92,"column":4},"end":{"line":94,"column":null}},{"start":{},"end":{}}],"line":92},"19":{"loc":{"start":{"line":92,"column":8},"end":{"line":92,"column":78}},"type":"binary-expr","locations":[{"start":{"line":92,"column":8},"end":{"line":92,"column":45}},{"start":{"line":92,"column":45},"end":{"line":92,"column":78}}],"line":92}},"s":{"0":4,"1":9,"2":15,"3":15,"4":15,"5":11,"6":11,"7":4,"8":2,"9":2,"10":2,"11":11,"12":11,"13":11,"14":11,"15":15,"16":2,"17":13,"18":13,"19":2,"20":11,"21":1,"22":10,"23":13,"24":2,"25":13,"26":13,"27":13,"28":4,"29":4,"30":4,"31":2,"32":2,"33":1,"34":1,"35":7,"36":2,"37":7},"f":{"0":4,"1":15,"2":11,"3":11,"4":15},"b":{"0":[4,3],"1":[11,4],"2":[15,5],"3":[2,2],"4":[11],"5":[11,10,2,1],"6":[2,13],"7":[2,11],"8":[1,10],"9":[11,1,1],"10":[2,11],"11":[4,9],"12":[13,6],"13":[4,0],"14":[2,2],"15":[4,3],"16":[1,1],"17":[2,1],"18":[2,5],"19":[7,6]},"meta":{"lastBranch":20,"lastFunction":5,"lastStatement":38,"seen":{"f:3:16:3:Infinity":0,"s:8:2:16:Infinity":0,"b:11:31:11:61:11:61:11:Infinity":0,"s:20:16:20:Infinity":1,"f:22:16:22:Infinity":1,"s:27:14:27:Infinity":2,"s:28:12:28:Infinity":3,"b:29:2:32:Infinity:undefined:undefined:undefined:undefined":1,"s:29:2:32:Infinity":4,"b:29:6:29:12:29:12:29:29":2,"s:30:4:30:Infinity":5,"s:31:4:31:Infinity":6,"b:33:2:33:Infinity:undefined:undefined:undefined:undefined":3,"s:33:2:33:Infinity":7,"s:33:22:33:Infinity":8,"s:34:2:34:Infinity":9,"s:35:2:35:Infinity":10,"f:39:16:39:33":2,"b:39:53:39:67":4,"s:41:21:41:Infinity":11,"s:42:18:42:Infinity":12,"s:44:2:46:Infinity":13,"f:49:16:49:26":3,"s:50:2:54:Infinity":14,"b:51:4:51:Infinity:52:4:52:Infinity:53:4:53:Infinity:54:4:54:Infinity":5,"f:58:16:58:30":4,"b:59:2:59:Infinity:undefined:undefined:undefined:undefined":6,"s:59:2:59:Infinity":15,"s:59:12:59:Infinity":16,"s:61:12:61:Infinity":17,"b:62:2:68:Infinity:64:9:68:Infinity":7,"s:62:2:68:Infinity":18,"s:63:4:63:Infinity":19,"b:64:9:68:Infinity:66:9:68:Infinity":8,"s:64:9:68:Infinity":20,"b:64:13:64:40:64:40:64:56:64:56:64:74":9,"s:65:4:65:Infinity":21,"s:67:4:67:Infinity":22,"b:71:2:73:Infinity:undefined:undefined:undefined:undefined":10,"s:71:2:73:Infinity":23,"s:72:4:72:Infinity":24,"s:75:2:95:Infinity":25,"s:77:19:77:Infinity":26,"b:78:4:89:Infinity:undefined:undefined:undefined:undefined":11,"s:78:4:89:Infinity":27,"b:78:8:78:18:78:18:78:32":12,"s:79:21:79:Infinity":28,"b:80:6:88:Infinity:undefined:undefined:undefined:undefined":13,"s:80:6:88:Infinity":29,"b:81:8:83:Infinity:undefined:undefined:undefined:undefined":14,"s:81:8:83:Infinity":30,"b:81:12:81:52:81:52:81:88":15,"s:82:10:82:Infinity":31,"b:84:8:86:Infinity:undefined:undefined:undefined:undefined":16,"s:84:8:86:Infinity":32,"b:84:12:84:59:84:59:84:88":17,"s:85:10:85:Infinity":33,"s:87:8:87:Infinity":34,"b:92:4:94:Infinity:undefined:undefined:undefined:undefined":18,"s:92:4:94:Infinity":35,"b:92:8:92:45:92:45:92:78":19,"s:93:6:93:Infinity":36,"s:97:2:97:Infinity":37},"fnNames":{}}}
,"/app/applet/src/lib/leaderboard.ts": {"path":"/app/applet/src/lib/leaderboard.ts","statementMap":{"0":{"start":{"line":29,"column":16},"end":{"line":29,"column":null}},"1":{"start":{"line":30,"column":15},"end":{"line":30,"column":null}},"2":{"start":{"line":31,"column":18},"end":{"line":31,"column":null}},"3":{"start":{"line":32,"column":16},"end":{"line":32,"column":null}},"4":{"start":{"line":34,"column":26},"end":{"line":43,"column":null}},"5":{"start":{"line":45,"column":26},"end":{"line":53,"column":null}},"6":{"start":{"line":56,"column":2},"end":{"line":56,"column":null}},"7":{"start":{"line":56,"column":37},"end":{"line":56,"column":null}},"8":{"start":{"line":57,"column":2},"end":{"line":63,"column":null}},"9":{"start":{"line":58,"column":16},"end":{"line":58,"column":null}},"10":{"start":{"line":59,"column":4},"end":{"line":59,"column":null}},"11":{"start":{"line":59,"column":14},"end":{"line":59,"column":null}},"12":{"start":{"line":60,"column":4},"end":{"line":60,"column":null}},"13":{"start":{"line":62,"column":4},"end":{"line":62,"column":null}},"14":{"start":{"line":67,"column":2},"end":{"line":67,"column":null}},"15":{"start":{"line":67,"column":37},"end":{"line":67,"column":null}},"16":{"start":{"line":68,"column":2},"end":{"line":71,"column":null}},"17":{"start":{"line":69,"column":4},"end":{"line":69,"column":null}},"18":{"start":{"line":70,"column":4},"end":{"line":70,"column":null}},"19":{"start":{"line":75,"column":2},"end":{"line":75,"column":null}},"20":{"start":{"line":75,"column":37},"end":{"line":75,"column":null}},"21":{"start":{"line":76,"column":2},"end":{"line":101,"column":null}},"22":{"start":{"line":77,"column":14},"end":{"line":77,"column":null}},"23":{"start":{"line":78,"column":4},"end":{"line":81,"column":null}},"24":{"start":{"line":79,"column":6},"end":{"line":79,"column":null}},"25":{"start":{"line":80,"column":6},"end":{"line":80,"column":null}},"26":{"start":{"line":82,"column":16},"end":{"line":82,"column":null}},"27":{"start":{"line":83,"column":4},"end":{"line":87,"column":null}},"28":{"start":{"line":84,"column":6},"end":{"line":86,"column":null}},"29":{"start":{"line":85,"column":8},"end":{"line":85,"column":null}},"30":{"start":{"line":88,"column":20},"end":{"line":96,"column":null}},"31":{"start":{"line":97,"column":4},"end":{"line":97,"column":null}},"32":{"start":{"line":98,"column":4},"end":{"line":98,"column":null}},"33":{"start":{"line":100,"column":4},"end":{"line":100,"column":null}},"34":{"start":{"line":105,"column":2},"end":{"line":105,"column":null}},"35":{"start":{"line":105,"column":37},"end":{"line":105,"column":null}},"36":{"start":{"line":106,"column":2},"end":{"line":112,"column":null}},"37":{"start":{"line":107,"column":4},"end":{"line":107,"column":null}},"38":{"start":{"line":109,"column":18},"end":{"line":109,"column":null}},"39":{"start":{"line":109,"column":44},"end":{"line":109,"column":60}},"40":{"start":{"line":110,"column":4},"end":{"line":110,"column":null}},"41":{"start":{"line":111,"column":4},"end":{"line":111,"column":null}},"42":{"start":{"line":120,"column":2},"end":{"line":120,"column":null}},"43":{"start":{"line":120,"column":16},"end":{"line":120,"column":null}},"44":{"start":{"line":121,"column":2},"end":{"line":121,"column":null}},"45":{"start":{"line":121,"column":24},"end":{"line":121,"column":null}},"46":{"start":{"line":122,"column":2},"end":{"line":122,"column":null}},"47":{"start":{"line":126,"column":22},"end":{"line":126,"column":null}},"48":{"start":{"line":127,"column":2},"end":{"line":136,"column":null}},"49":{"start":{"line":128,"column":4},"end":{"line":128,"column":null}},"50":{"start":{"line":129,"column":10},"end":{"line":129,"column":null}},"51":{"start":{"line":129,"column":27},"end":{"line":129,"column":null}},"52":{"start":{"line":130,"column":4},"end":{"line":130,"column":null}},"53":{"start":{"line":131,"column":4},"end":{"line":131,"column":null}},"54":{"start":{"line":132,"column":4},"end":{"line":135,"column":null}},"55":{"start":{"line":133,"column":6},"end":{"line":133,"column":null}},"56":{"start":{"line":134,"column":6},"end":{"line":134,"column":null}},"57":{"start":{"line":137,"column":2},"end":{"line":175,"column":null}},"58":{"start":{"line":140,"column":19},"end":{"line":140,"column":null}},"59":{"start":{"line":141,"column":6},"end":{"line":141,"column":null}},"60":{"start":{"line":142,"column":6},"end":{"line":142,"column":null}},"61":{"start":{"line":145,"column":18},"end":{"line":145,"column":null}},"62":{"start":{"line":146,"column":21},"end":{"line":146,"column":null}},"63":{"start":{"line":146,"column":51},"end":{"line":146,"column":88}},"64":{"start":{"line":147,"column":24},"end":{"line":150,"column":null}},"65":{"start":{"line":151,"column":6},"end":{"line":151,"column":null}},"66":{"start":{"line":152,"column":6},"end":{"line":152,"column":null}},"67":{"start":{"line":155,"column":18},"end":{"line":155,"column":null}},"68":{"start":{"line":156,"column":19},"end":{"line":156,"column":null}},"69":{"start":{"line":156,"column":47},"end":{"line":156,"column":77}},"70":{"start":{"line":157,"column":6},"end":{"line":157,"column":null}},"71":{"start":{"line":157,"column":34},"end":{"line":157,"column":null}},"72":{"start":{"line":158,"column":22},"end":{"line":158,"column":null}},"73":{"start":{"line":159,"column":18},"end":{"line":159,"column":null}},"74":{"start":{"line":160,"column":21},"end":{"line":160,"column":null}},"75":{"start":{"line":161,"column":20},"end":{"line":161,"column":null}},"76":{"start":{"line":162,"column":20},"end":{"line":162,"column":null}},"77":{"start":{"line":163,"column":6},"end":{"line":163,"column":null}},"78":{"start":{"line":164,"column":24},"end":{"line":171,"column":null}},"79":{"start":{"line":166,"column":49},"end":{"line":166,"column":71}},"80":{"start":{"line":172,"column":6},"end":{"line":172,"column":null}},"81":{"start":{"line":173,"column":6},"end":{"line":173,"column":null}},"82":{"start":{"line":179,"column":28},"end":{"line":179,"column":null}},"83":{"start":{"line":180,"column":2},"end":{"line":193,"column":null}},"84":{"start":{"line":181,"column":10},"end":{"line":185,"column":null}},"85":{"start":{"line":182,"column":16},"end":{"line":182,"column":null}},"86":{"start":{"line":183,"column":17},"end":{"line":183,"column":null}},"87":{"start":{"line":184,"column":6},"end":{"line":184,"column":null}},"88":{"start":{"line":184,"column":35},"end":{"line":184,"column":51}},"89":{"start":{"line":186,"column":4},"end":{"line":186,"column":null}},"90":{"start":{"line":187,"column":4},"end":{"line":187,"column":null}},"91":{"start":{"line":188,"column":4},"end":{"line":188,"column":null}},"92":{"start":{"line":189,"column":4},"end":{"line":192,"column":null}},"93":{"start":{"line":190,"column":6},"end":{"line":190,"column":null}},"94":{"start":{"line":191,"column":6},"end":{"line":191,"column":null}},"95":{"start":{"line":194,"column":2},"end":{"line":194,"column":null}},"96":{"start":{"line":194,"column":30},"end":{"line":194,"column":74}}},"fnMap":{"0":{"name":"readBoard","decl":{"start":{"line":55,"column":9},"end":{"line":55,"column":28}},"loc":{"start":{"line":55,"column":28},"end":{"line":64,"column":null}},"line":55},"1":{"name":"writeBoard","decl":{"start":{"line":66,"column":9},"end":{"line":66,"column":20}},"loc":{"start":{"line":66,"column":34},"end":{"line":72,"column":null}},"line":66},"2":{"name":"ensureMe","decl":{"start":{"line":74,"column":9},"end":{"line":74,"column":25}},"loc":{"start":{"line":74,"column":25},"end":{"line":102,"column":null}},"line":74},"3":{"name":"writeMe","decl":{"start":{"line":104,"column":9},"end":{"line":104,"column":17}},"loc":{"start":{"line":104,"column":26},"end":{"line":113,"column":null}},"line":104},"4":{"name":"(anonymous_4)","decl":{"start":{"line":109,"column":30},"end":{"line":109,"column":38}},"loc":{"start":{"line":109,"column":44},"end":{"line":109,"column":60}},"line":109},"5":{"name":"scorePrediction","decl":{"start":{"line":119,"column":16},"end":{"line":119,"column":32}},"loc":{"start":{"line":119,"column":89},"end":{"line":123,"column":null}},"line":119},"6":{"name":"useMe","decl":{"start":{"line":125,"column":16},"end":{"line":125,"column":24}},"loc":{"start":{"line":125,"column":24},"end":{"line":176,"column":null}},"line":125},"7":{"name":"(anonymous_7)","decl":{"start":{"line":127,"column":2},"end":{"line":127,"column":18}},"loc":{"start":{"line":127,"column":18},"end":{"line":136,"column":5}},"line":127},"8":{"name":"(anonymous_8)","decl":{"start":{"line":129,"column":10},"end":{"line":129,"column":27}},"loc":{"start":{"line":129,"column":27},"end":{"line":129,"column":null}},"line":129},"9":{"name":"(anonymous_9)","decl":{"start":{"line":132,"column":4},"end":{"line":132,"column":17}},"loc":{"start":{"line":132,"column":17},"end":{"line":135,"column":null}},"line":132},"10":{"name":"(anonymous_10)","decl":{"start":{"line":139,"column":4},"end":{"line":139,"column":14}},"loc":{"start":{"line":139,"column":31},"end":{"line":143,"column":null}},"line":139},"11":{"name":"(anonymous_11)","decl":{"start":{"line":144,"column":4},"end":{"line":144,"column":23}},"loc":{"start":{"line":144,"column":62},"end":{"line":153,"column":null}},"line":144},"12":{"name":"(anonymous_12)","decl":{"start":{"line":146,"column":37},"end":{"line":146,"column":45}},"loc":{"start":{"line":146,"column":51},"end":{"line":146,"column":88}},"line":146},"13":{"name":"(anonymous_13)","decl":{"start":{"line":154,"column":4},"end":{"line":154,"column":24}},"loc":{"start":{"line":154,"column":94},"end":{"line":174,"column":null}},"line":154},"14":{"name":"(anonymous_14)","decl":{"start":{"line":156,"column":35},"end":{"line":156,"column":41}},"loc":{"start":{"line":156,"column":47},"end":{"line":156,"column":77}},"line":156},"15":{"name":"(anonymous_15)","decl":{"start":{"line":166,"column":37},"end":{"line":166,"column":42}},"loc":{"start":{"line":166,"column":49},"end":{"line":166,"column":71}},"line":166},"16":{"name":"useLeaderboard","decl":{"start":{"line":178,"column":16},"end":{"line":178,"column":33}},"loc":{"start":{"line":178,"column":33},"end":{"line":195,"column":null}},"line":178},"17":{"name":"(anonymous_17)","decl":{"start":{"line":180,"column":2},"end":{"line":180,"column":18}},"loc":{"start":{"line":180,"column":18},"end":{"line":193,"column":5}},"line":180},"18":{"name":"(anonymous_18)","decl":{"start":{"line":181,"column":10},"end":{"line":181,"column":26}},"loc":{"start":{"line":181,"column":26},"end":{"line":185,"column":null}},"line":181},"19":{"name":"(anonymous_19)","decl":{"start":{"line":184,"column":21},"end":{"line":184,"column":29}},"loc":{"start":{"line":184,"column":35},"end":{"line":184,"column":51}},"line":184},"20":{"name":"(anonymous_20)","decl":{"start":{"line":189,"column":4},"end":{"line":189,"column":17}},"loc":{"start":{"line":189,"column":17},"end":{"line":192,"column":null}},"line":189},"21":{"name":"(anonymous_21)","decl":{"start":{"line":194,"column":15},"end":{"line":194,"column":21}},"loc":{"start":{"line":194,"column":30},"end":{"line":194,"column":74}},"line":194}},"branchMap":{"0":{"loc":{"start":{"line":56,"column":2},"end":{"line":56,"column":null}},"type":"if","locations":[{"start":{"line":56,"column":2},"end":{"line":56,"column":null}},{"start":{},"end":{}}],"line":56},"1":{"loc":{"start":{"line":59,"column":4},"end":{"line":59,"column":null}},"type":"if","locations":[{"start":{"line":59,"column":4},"end":{"line":59,"column":null}},{"start":{},"end":{}}],"line":59},"2":{"loc":{"start":{"line":67,"column":2},"end":{"line":67,"column":null}},"type":"if","locations":[{"start":{"line":67,"column":2},"end":{"line":67,"column":null}},{"start":{},"end":{}}],"line":67},"3":{"loc":{"start":{"line":75,"column":2},"end":{"line":75,"column":null}},"type":"if","locations":[{"start":{"line":75,"column":2},"end":{"line":75,"column":null}},{"start":{},"end":{}}],"line":75},"4":{"loc":{"start":{"line":78,"column":4},"end":{"line":81,"column":null}},"type":"if","locations":[{"start":{"line":78,"column":4},"end":{"line":81,"column":null}},{"start":{},"end":{}}],"line":78},"5":{"loc":{"start":{"line":83,"column":4},"end":{"line":87,"column":null}},"type":"if","locations":[{"start":{"line":83,"column":4},"end":{"line":87,"column":null}},{"start":{},"end":{}}],"line":83},"6":{"loc":{"start":{"line":105,"column":2},"end":{"line":105,"column":null}},"type":"if","locations":[{"start":{"line":105,"column":2},"end":{"line":105,"column":null}},{"start":{},"end":{}}],"line":105},"7":{"loc":{"start":{"line":119,"column":74},"end":{"line":119,"column":89}},"type":"default-arg","locations":[{"start":{"line":119,"column":82},"end":{"line":119,"column":89}}],"line":119},"8":{"loc":{"start":{"line":120,"column":2},"end":{"line":120,"column":null}},"type":"if","locations":[{"start":{"line":120,"column":2},"end":{"line":120,"column":null}},{"start":{},"end":{}}],"line":120},"9":{"loc":{"start":{"line":121,"column":2},"end":{"line":121,"column":null}},"type":"if","locations":[{"start":{"line":121,"column":2},"end":{"line":121,"column":null}},{"start":{},"end":{}}],"line":121},"10":{"loc":{"start":{"line":121,"column":37},"end":{"line":121,"column":null}},"type":"cond-expr","locations":[{"start":{"line":121,"column":45},"end":{"line":121,"column":49}},{"start":{"line":121,"column":49},"end":{"line":121,"column":null}}],"line":121},"11":{"loc":{"start":{"line":140,"column":42},"end":{"line":140,"column":69}},"type":"binary-expr","locations":[{"start":{"line":140,"column":42},"end":{"line":140,"column":63}},{"start":{"line":140,"column":63},"end":{"line":140,"column":69}}],"line":140},"12":{"loc":{"start":{"line":146,"column":53},"end":{"line":146,"column":88}},"type":"binary-expr","locations":[{"start":{"line":146,"column":53},"end":{"line":146,"column":70}},{"start":{"line":146,"column":70},"end":{"line":146,"column":88}}],"line":146},"13":{"loc":{"start":{"line":154,"column":76},"end":{"line":154,"column":94}},"type":"default-arg","locations":[{"start":{"line":154,"column":84},"end":{"line":154,"column":94}}],"line":154},"14":{"loc":{"start":{"line":156,"column":47},"end":{"line":156,"column":77}},"type":"binary-expr","locations":[{"start":{"line":156,"column":47},"end":{"line":156,"column":62}},{"start":{"line":156,"column":62},"end":{"line":156,"column":77}}],"line":156},"15":{"loc":{"start":{"line":157,"column":6},"end":{"line":157,"column":null}},"type":"if","locations":[{"start":{"line":157,"column":6},"end":{"line":157,"column":null}},{"start":{},"end":{}}],"line":157},"16":{"loc":{"start":{"line":157,"column":10},"end":{"line":157,"column":34}},"type":"binary-expr","locations":[{"start":{"line":157,"column":10},"end":{"line":157,"column":19}},{"start":{"line":157,"column":19},"end":{"line":157,"column":34}}],"line":157},"17":{"loc":{"start":{"line":160,"column":21},"end":{"line":160,"column":null}},"type":"cond-expr","locations":[{"start":{"line":160,"column":31},"end":{"line":160,"column":48}},{"start":{"line":160,"column":48},"end":{"line":160,"column":null}}],"line":160},"18":{"loc":{"start":{"line":161,"column":20},"end":{"line":161,"column":null}},"type":"cond-expr","locations":[{"start":{"line":161,"column":44},"end":{"line":161,"column":48}},{"start":{"line":161,"column":48},"end":{"line":161,"column":null}}],"line":161},"19":{"loc":{"start":{"line":161,"column":20},"end":{"line":161,"column":44}},"type":"binary-expr","locations":[{"start":{"line":161,"column":20},"end":{"line":161,"column":31}},{"start":{"line":161,"column":31},"end":{"line":161,"column":44}}],"line":161},"20":{"loc":{"start":{"line":166,"column":49},"end":{"line":166,"column":71}},"type":"cond-expr","locations":[{"start":{"line":166,"column":62},"end":{"line":166,"column":69}},{"start":{"line":166,"column":69},"end":{"line":166,"column":71}}],"line":166},"21":{"loc":{"start":{"line":168,"column":32},"end":{"line":168,"column":null}},"type":"cond-expr","locations":[{"start":{"line":168,"column":42},"end":{"line":168,"column":46}},{"start":{"line":168,"column":46},"end":{"line":168,"column":null}}],"line":168},"22":{"loc":{"start":{"line":194,"column":30},"end":{"line":194,"column":74}},"type":"binary-expr","locations":[{"start":{"line":194,"column":30},"end":{"line":194,"column":53}},{"start":{"line":194,"column":53},"end":{"line":194,"column":74}}],"line":194}},"s":{"0":1,"1":1,"2":1,"3":1,"4":1,"5":1,"6":19,"7":1,"8":18,"9":18,"10":18,"11":6,"12":11,"13":2,"14":11,"15":0,"16":11,"17":11,"18":11,"19":42,"20":2,"21":40,"22":40,"23":40,"24":12,"25":12,"26":37,"27":37,"28":27,"29":27,"30":10,"31":10,"32":10,"33":3,"34":14,"35":2,"36":12,"37":12,"38":12,"39":96,"40":12,"41":12,"42":8,"43":3,"44":5,"45":3,"46":2,"47":24,"48":24,"49":7,"50":7,"51":11,"52":7,"53":7,"54":7,"55":7,"56":7,"57":24,"58":6,"59":6,"60":6,"61":5,"62":5,"63":4,"64":5,"65":5,"66":5,"67":5,"68":5,"69":9,"70":5,"71":2,"72":3,"73":3,"74":3,"75":5,"76":5,"77":5,"78":5,"79":6,"80":5,"81":5,"82":12,"83":12,"84":6,"85":8,"86":8,"87":8,"88":52,"89":6,"90":6,"91":6,"92":6,"93":6,"94":6,"95":12,"96":80},"f":{"0":19,"1":11,"2":42,"3":14,"4":96,"5":8,"6":24,"7":7,"8":11,"9":7,"10":6,"11":5,"12":4,"13":5,"14":9,"15":6,"16":12,"17":6,"18":8,"19":52,"20":6,"21":80},"b":{"0":[1,18],"1":[6,12],"2":[0,11],"3":[2,40],"4":[12,28],"5":[27,10],"6":[2,12],"7":[8],"8":[3,5],"9":[3,2],"10":[1,2],"11":[6,1],"12":[4,1],"13":[5],"14":[9,4],"15":[2,3],"16":[5,4],"17":[2,1],"18":[1,2],"19":[5,2],"20":[3,3],"21":[2,1],"22":[80,1]},"meta":{"lastBranch":23,"lastFunction":22,"lastStatement":97,"seen":{"s:29:16:29:Infinity":0,"s:30:15:30:Infinity":1,"s:31:18:31:Infinity":2,"s:32:16:32:Infinity":3,"s:34:26:43:Infinity":4,"s:45:26:53:Infinity":5,"f:55:9:55:28":0,"b:56:2:56:Infinity:undefined:undefined:undefined:undefined":0,"s:56:2:56:Infinity":6,"s:56:37:56:Infinity":7,"s:57:2:63:Infinity":8,"s:58:16:58:Infinity":9,"b:59:4:59:Infinity:undefined:undefined:undefined:undefined":1,"s:59:4:59:Infinity":10,"s:59:14:59:Infinity":11,"s:60:4:60:Infinity":12,"s:62:4:62:Infinity":13,"f:66:9:66:20":1,"b:67:2:67:Infinity:undefined:undefined:undefined:undefined":2,"s:67:2:67:Infinity":14,"s:67:37:67:Infinity":15,"s:68:2:71:Infinity":16,"s:69:4:69:Infinity":17,"s:70:4:70:Infinity":18,"f:74:9:74:25":2,"b:75:2:75:Infinity:undefined:undefined:undefined:undefined":3,"s:75:2:75:Infinity":19,"s:75:37:75:Infinity":20,"s:76:2:101:Infinity":21,"s:77:14:77:Infinity":22,"b:78:4:81:Infinity:undefined:undefined:undefined:undefined":4,"s:78:4:81:Infinity":23,"s:79:6:79:Infinity":24,"s:80:6:80:Infinity":25,"s:82:16:82:Infinity":26,"b:83:4:87:Infinity:undefined:undefined:undefined:undefined":5,"s:83:4:87:Infinity":27,"s:84:6:86:Infinity":28,"s:85:8:85:Infinity":29,"s:88:20:96:Infinity":30,"s:97:4:97:Infinity":31,"s:98:4:98:Infinity":32,"s:100:4:100:Infinity":33,"f:104:9:104:17":3,"b:105:2:105:Infinity:undefined:undefined:undefined:undefined":6,"s:105:2:105:Infinity":34,"s:105:37:105:Infinity":35,"s:106:2:112:Infinity":36,"s:107:4:107:Infinity":37,"s:109:18:109:Infinity":38,"f:109:30:109:38":4,"s:109:44:109:60":39,"s:110:4:110:Infinity":40,"s:111:4:111:Infinity":41,"f:119:16:119:32":5,"b:119:82:119:89":7,"b:120:2:120:Infinity:undefined:undefined:undefined:undefined":8,"s:120:2:120:Infinity":42,"s:120:16:120:Infinity":43,"b:121:2:121:Infinity:undefined:undefined:undefined:undefined":9,"s:121:2:121:Infinity":44,"s:121:24:121:Infinity":45,"b:121:45:121:49:121:49:121:Infinity":10,"s:122:2:122:Infinity":46,"f:125:16:125:24":6,"s:126:22:126:Infinity":47,"s:127:2:136:Infinity":48,"f:127:2:127:18":7,"s:128:4:128:Infinity":49,"s:129:10:129:Infinity":50,"f:129:10:129:27":8,"s:129:27:129:Infinity":51,"s:130:4:130:Infinity":52,"s:131:4:131:Infinity":53,"s:132:4:135:Infinity":54,"f:132:4:132:17":9,"s:133:6:133:Infinity":55,"s:134:6:134:Infinity":56,"s:137:2:175:Infinity":57,"f:139:4:139:14":10,"s:140:19:140:Infinity":58,"b:140:42:140:63:140:63:140:69":11,"s:141:6:141:Infinity":59,"s:142:6:142:Infinity":60,"f:144:4:144:23":11,"s:145:18:145:Infinity":61,"s:146:21:146:Infinity":62,"f:146:37:146:45":12,"s:146:51:146:88":63,"b:146:53:146:70:146:70:146:88":12,"s:147:24:150:Infinity":64,"s:151:6:151:Infinity":65,"s:152:6:152:Infinity":66,"f:154:4:154:24":13,"b:154:84:154:94":13,"s:155:18:155:Infinity":67,"s:156:19:156:Infinity":68,"f:156:35:156:41":14,"s:156:47:156:77":69,"b:156:47:156:62:156:62:156:77":14,"b:157:6:157:Infinity:undefined:undefined:undefined:undefined":15,"s:157:6:157:Infinity":70,"b:157:10:157:19:157:19:157:34":16,"s:157:34:157:Infinity":71,"s:158:22:158:Infinity":72,"s:159:18:159:Infinity":73,"s:160:21:160:Infinity":74,"b:160:31:160:48:160:48:160:Infinity":17,"s:161:20:161:Infinity":75,"b:161:44:161:48:161:48:161:Infinity":18,"b:161:20:161:31:161:31:161:44":19,"s:162:20:162:Infinity":76,"s:163:6:163:Infinity":77,"s:164:24:171:Infinity":78,"f:166:37:166:42":15,"s:166:49:166:71":79,"b:166:62:166:69:166:69:166:71":20,"b:168:42:168:46:168:46:168:Infinity":21,"s:172:6:172:Infinity":80,"s:173:6:173:Infinity":81,"f:178:16:178:33":16,"s:179:28:179:Infinity":82,"s:180:2:193:Infinity":83,"f:180:2:180:18":17,"s:181:10:185:Infinity":84,"f:181:10:181:26":18,"s:182:16:182:Infinity":85,"s:183:17:183:Infinity":86,"s:184:6:184:Infinity":87,"f:184:21:184:29":19,"s:184:35:184:51":88,"s:186:4:186:Infinity":89,"s:187:4:187:Infinity":90,"s:188:4:188:Infinity":91,"s:189:4:192:Infinity":92,"f:189:4:189:17":20,"s:190:6:190:Infinity":93,"s:191:6:191:Infinity":94,"s:194:2:194:Infinity":95,"f:194:15:194:21":21,"s:194:30:194:74":96,"b:194:30:194:53:194:53:194:74":22},"fnNames":{}}}
,"/app/applet/src/lib/offline-cache.ts": {"path":"/app/applet/src/lib/offline-cache.ts","statementMap":{"0":{"start":{"line":5,"column":16},"end":{"line":5,"column":null}},"1":{"start":{"line":10,"column":2},"end":{"line":10,"column":null}},"2":{"start":{"line":10,"column":37},"end":{"line":10,"column":null}},"3":{"start":{"line":11,"column":2},"end":{"line":19,"column":null}},"4":{"start":{"line":12,"column":16},"end":{"line":12,"column":null}},"5":{"start":{"line":13,"column":4},"end":{"line":13,"column":null}},"6":{"start":{"line":13,"column":14},"end":{"line":13,"column":null}},"7":{"start":{"line":14,"column":18},"end":{"line":14,"column":null}},"8":{"start":{"line":15,"column":4},"end":{"line":15,"column":null}},"9":{"start":{"line":15,"column":29},"end":{"line":15,"column":null}},"10":{"start":{"line":16,"column":4},"end":{"line":16,"column":null}},"11":{"start":{"line":18,"column":4},"end":{"line":18,"column":null}},"12":{"start":{"line":23,"column":2},"end":{"line":23,"column":null}},"13":{"start":{"line":23,"column":37},"end":{"line":23,"column":null}},"14":{"start":{"line":24,"column":2},"end":{"line":27,"column":null}},"15":{"start":{"line":25,"column":28},"end":{"line":25,"column":null}},"16":{"start":{"line":26,"column":4},"end":{"line":26,"column":null}},"17":{"start":{"line":31,"column":2},"end":{"line":31,"column":null}},"18":{"start":{"line":31,"column":37},"end":{"line":31,"column":null}},"19":{"start":{"line":32,"column":2},"end":{"line":32,"column":null}},"20":{"start":{"line":36,"column":2},"end":{"line":36,"column":null}},"21":{"start":{"line":36,"column":11},"end":{"line":36,"column":null}},"22":{"start":{"line":37,"column":12},"end":{"line":37,"column":null}},"23":{"start":{"line":38,"column":2},"end":{"line":38,"column":null}},"24":{"start":{"line":38,"column":14},"end":{"line":38,"column":null}},"25":{"start":{"line":39,"column":12},"end":{"line":39,"column":null}},"26":{"start":{"line":40,"column":2},"end":{"line":40,"column":null}},"27":{"start":{"line":40,"column":14},"end":{"line":40,"column":null}},"28":{"start":{"line":41,"column":12},"end":{"line":41,"column":null}},"29":{"start":{"line":42,"column":2},"end":{"line":42,"column":null}}},"fnMap":{"0":{"name":"readCache","decl":{"start":{"line":9,"column":16},"end":{"line":9,"column":29}},"loc":{"start":{"line":9,"column":74},"end":{"line":20,"column":null}},"line":9},"1":{"name":"writeCache","decl":{"start":{"line":22,"column":16},"end":{"line":22,"column":30}},"loc":{"start":{"line":22,"column":52},"end":{"line":28,"column":null}},"line":22},"2":{"name":"useOnline","decl":{"start":{"line":30,"column":16},"end":{"line":30,"column":37}},"loc":{"start":{"line":30,"column":37},"end":{"line":33,"column":null}},"line":30},"3":{"name":"formatAge","decl":{"start":{"line":35,"column":16},"end":{"line":35,"column":26}},"loc":{"start":{"line":35,"column":46},"end":{"line":43,"column":null}},"line":35}},"branchMap":{"0":{"loc":{"start":{"line":10,"column":2},"end":{"line":10,"column":null}},"type":"if","locations":[{"start":{"line":10,"column":2},"end":{"line":10,"column":null}},{"start":{},"end":{}}],"line":10},"1":{"loc":{"start":{"line":13,"column":4},"end":{"line":13,"column":null}},"type":"if","locations":[{"start":{"line":13,"column":4},"end":{"line":13,"column":null}},{"start":{},"end":{}}],"line":13},"2":{"loc":{"start":{"line":15,"column":4},"end":{"line":15,"column":null}},"type":"if","locations":[{"start":{"line":15,"column":4},"end":{"line":15,"column":null}},{"start":{},"end":{}}],"line":15},"3":{"loc":{"start":{"line":23,"column":2},"end":{"line":23,"column":null}},"type":"if","locations":[{"start":{"line":23,"column":2},"end":{"line":23,"column":null}},{"start":{},"end":{}}],"line":23},"4":{"loc":{"start":{"line":31,"column":2},"end":{"line":31,"column":null}},"type":"if","locations":[{"start":{"line":31,"column":2},"end":{"line":31,"column":null}},{"start":{},"end":{}}],"line":31},"5":{"loc":{"start":{"line":36,"column":2},"end":{"line":36,"column":null}},"type":"if","locations":[{"start":{"line":36,"column":2},"end":{"line":36,"column":null}},{"start":{},"end":{}}],"line":36},"6":{"loc":{"start":{"line":38,"column":2},"end":{"line":38,"column":null}},"type":"if","locations":[{"start":{"line":38,"column":2},"end":{"line":38,"column":null}},{"start":{},"end":{}}],"line":38},"7":{"loc":{"start":{"line":40,"column":2},"end":{"line":40,"column":null}},"type":"if","locations":[{"start":{"line":40,"column":2},"end":{"line":40,"column":null}},{"start":{},"end":{}}],"line":40}},"s":{"0":1,"1":5,"2":1,"3":4,"4":4,"5":4,"6":1,"7":3,"8":3,"9":1,"10":1,"11":1,"12":2,"13":1,"14":1,"15":1,"16":1,"17":3,"18":1,"19":2,"20":4,"21":1,"22":3,"23":3,"24":1,"25":2,"26":2,"27":1,"28":1,"29":1},"f":{"0":5,"1":2,"2":3,"3":4},"b":{"0":[1,4],"1":[1,3],"2":[1,2],"3":[1,1],"4":[1,2],"5":[1,3],"6":[1,2],"7":[1,1]},"meta":{"lastBranch":8,"lastFunction":4,"lastStatement":30,"seen":{"s:5:16:5:Infinity":0,"f:9:16:9:29":0,"b:10:2:10:Infinity:undefined:undefined:undefined:undefined":0,"s:10:2:10:Infinity":1,"s:10:37:10:Infinity":2,"s:11:2:19:Infinity":3,"s:12:16:12:Infinity":4,"b:13:4:13:Infinity:undefined:undefined:undefined:undefined":1,"s:13:4:13:Infinity":5,"s:13:14:13:Infinity":6,"s:14:18:14:Infinity":7,"b:15:4:15:Infinity:undefined:undefined:undefined:undefined":2,"s:15:4:15:Infinity":8,"s:15:29:15:Infinity":9,"s:16:4:16:Infinity":10,"s:18:4:18:Infinity":11,"f:22:16:22:30":1,"b:23:2:23:Infinity:undefined:undefined:undefined:undefined":3,"s:23:2:23:Infinity":12,"s:23:37:23:Infinity":13,"s:24:2:27:Infinity":14,"s:25:28:25:Infinity":15,"s:26:4:26:Infinity":16,"f:30:16:30:37":2,"b:31:2:31:Infinity:undefined:undefined:undefined:undefined":4,"s:31:2:31:Infinity":17,"s:31:37:31:Infinity":18,"s:32:2:32:Infinity":19,"f:35:16:35:26":3,"b:36:2:36:Infinity:undefined:undefined:undefined:undefined":5,"s:36:2:36:Infinity":20,"s:36:11:36:Infinity":21,"s:37:12:37:Infinity":22,"b:38:2:38:Infinity:undefined:undefined:undefined:undefined":6,"s:38:2:38:Infinity":23,"s:38:14:38:Infinity":24,"s:39:12:39:Infinity":25,"b:40:2:40:Infinity:undefined:undefined:undefined:undefined":7,"s:40:2:40:Infinity":26,"s:40:14:40:Infinity":27,"s:41:12:41:Infinity":28,"s:42:2:42:Infinity":29},"fnNames":{}}}
,"/app/applet/src/lib/orders-store.ts": {"path":"/app/applet/src/lib/orders-store.ts","statementMap":{"0":{"start":{"line":15,"column":12},"end":{"line":15,"column":null}},"1":{"start":{"line":16,"column":29},"end":{"line":16,"column":null}},"2":{"start":{"line":18,"column":18},"end":{"line":18,"column":null}},"3":{"start":{"line":19,"column":21},"end":{"line":19,"column":null}},"4":{"start":{"line":22,"column":2},"end":{"line":22,"column":null}},"5":{"start":{"line":22,"column":37},"end":{"line":22,"column":null}},"6":{"start":{"line":23,"column":2},"end":{"line":28,"column":null}},"7":{"start":{"line":24,"column":16},"end":{"line":24,"column":null}},"8":{"start":{"line":25,"column":4},"end":{"line":25,"column":null}},"9":{"start":{"line":27,"column":4},"end":{"line":27,"column":null}},"10":{"start":{"line":31,"column":2},"end":{"line":31,"column":null}},"11":{"start":{"line":31,"column":37},"end":{"line":31,"column":null}},"12":{"start":{"line":32,"column":2},"end":{"line":36,"column":null}},"13":{"start":{"line":33,"column":4},"end":{"line":33,"column":null}},"14":{"start":{"line":39,"column":2},"end":{"line":39,"column":null}},"15":{"start":{"line":40,"column":2},"end":{"line":40,"column":null}},"16":{"start":{"line":40,"column":27},"end":{"line":40,"column":30}},"17":{"start":{"line":44,"column":2},"end":{"line":44,"column":null}},"18":{"start":{"line":45,"column":2},"end":{"line":45,"column":null}},"19":{"start":{"line":45,"column":15},"end":{"line":45,"column":null}},"20":{"start":{"line":48,"column":29},"end":{"line":48,"column":null}},"21":{"start":{"line":51,"column":2},"end":{"line":55,"column":null}},"22":{"start":{"line":53,"column":10},"end":{"line":53,"column":null}},"23":{"start":{"line":54,"column":10},"end":{"line":54,"column":null}},"24":{"start":{"line":59,"column":2},"end":{"line":59,"column":null}},"25":{"start":{"line":63,"column":16},"end":{"line":63,"column":null}},"26":{"start":{"line":63,"column":39},"end":{"line":63,"column":60}},"27":{"start":{"line":64,"column":21},"end":{"line":64,"column":null}},"28":{"start":{"line":65,"column":23},"end":{"line":73,"column":null}},"29":{"start":{"line":74,"column":2},"end":{"line":74,"column":null}},"30":{"start":{"line":75,"column":2},"end":{"line":75,"column":null}},"31":{"start":{"line":76,"column":2},"end":{"line":76,"column":null}},"32":{"start":{"line":77,"column":2},"end":{"line":77,"column":null}},"33":{"start":{"line":81,"column":2},"end":{"line":81,"column":null}},"34":{"start":{"line":81,"column":28},"end":{"line":81,"column":89}},"35":{"start":{"line":82,"column":2},"end":{"line":82,"column":null}},"36":{"start":{"line":86,"column":2},"end":{"line":86,"column":null}},"37":{"start":{"line":86,"column":30},"end":{"line":86,"column":53}},"38":{"start":{"line":87,"column":2},"end":{"line":87,"column":null}},"39":{"start":{"line":91,"column":2},"end":{"line":91,"column":null}},"40":{"start":{"line":92,"column":2},"end":{"line":92,"column":null}},"41":{"start":{"line":96,"column":2},"end":{"line":96,"column":null}},"42":{"start":{"line":96,"column":37},"end":{"line":96,"column":null}},"43":{"start":{"line":97,"column":8},"end":{"line":106,"column":null}},"44":{"start":{"line":98,"column":14},"end":{"line":98,"column":null}},"45":{"start":{"line":98,"column":32},"end":{"line":98,"column":43}},"46":{"start":{"line":99,"column":4},"end":{"line":99,"column":null}},"47":{"start":{"line":99,"column":39},"end":{"line":99,"column":null}},"48":{"start":{"line":100,"column":20},"end":{"line":100,"column":null}},"49":{"start":{"line":101,"column":17},"end":{"line":101,"column":null}},"50":{"start":{"line":102,"column":4},"end":{"line":102,"column":null}},"51":{"start":{"line":102,"column":39},"end":{"line":102,"column":null}},"52":{"start":{"line":103,"column":4},"end":{"line":103,"column":null}},"53":{"start":{"line":103,"column":30},"end":{"line":103,"column":70}},"54":{"start":{"line":104,"column":4},"end":{"line":104,"column":null}},"55":{"start":{"line":105,"column":4},"end":{"line":105,"column":null}},"56":{"start":{"line":105,"column":26},"end":{"line":105,"column":null}},"57":{"start":{"line":107,"column":2},"end":{"line":107,"column":null}},"58":{"start":{"line":107,"column":48},"end":{"line":107,"column":59}},"59":{"start":{"line":108,"column":2},"end":{"line":108,"column":null}},"60":{"start":{"line":108,"column":48},"end":{"line":108,"column":59}},"61":{"start":{"line":112,"column":8},"end":{"line":112,"column":null}},"62":{"start":{"line":113,"column":2},"end":{"line":113,"column":null}},"63":{"start":{"line":113,"column":31},"end":{"line":113,"column":null}},"64":{"start":{"line":114,"column":2},"end":{"line":114,"column":null}},"65":{"start":{"line":118,"column":20},"end":{"line":118,"column":null}},"66":{"start":{"line":119,"column":2},"end":{"line":119,"column":null}},"67":{"start":{"line":119,"column":27},"end":{"line":119,"column":null}},"68":{"start":{"line":120,"column":2},"end":{"line":120,"column":null}},"69":{"start":{"line":120,"column":31},"end":{"line":120,"column":null}},"70":{"start":{"line":121,"column":2},"end":{"line":121,"column":null}},"71":{"start":{"line":121,"column":22},"end":{"line":121,"column":null}},"72":{"start":{"line":122,"column":2},"end":{"line":122,"column":null}}},"fnMap":{"0":{"name":"load","decl":{"start":{"line":21,"column":9},"end":{"line":21,"column":25}},"loc":{"start":{"line":21,"column":25},"end":{"line":29,"column":null}},"line":21},"1":{"name":"save","decl":{"start":{"line":30,"column":9},"end":{"line":30,"column":16}},"loc":{"start":{"line":30,"column":16},"end":{"line":37,"column":null}},"line":30},"2":{"name":"emit","decl":{"start":{"line":38,"column":9},"end":{"line":38,"column":16}},"loc":{"start":{"line":38,"column":16},"end":{"line":41,"column":null}},"line":38},"3":{"name":"(anonymous_3)","decl":{"start":{"line":40,"column":12},"end":{"line":40,"column":21}},"loc":{"start":{"line":40,"column":27},"end":{"line":40,"column":30}},"line":40},"4":{"name":"subscribe","decl":{"start":{"line":43,"column":9},"end":{"line":43,"column":19}},"loc":{"start":{"line":43,"column":34},"end":{"line":46,"column":null}},"line":43},"5":{"name":"(anonymous_5)","decl":{"start":{"line":45,"column":2},"end":{"line":45,"column":15}},"loc":{"start":{"line":45,"column":15},"end":{"line":45,"column":null}},"line":45},"6":{"name":"useOrders","decl":{"start":{"line":50,"column":16},"end":{"line":50,"column":37}},"loc":{"start":{"line":50,"column":37},"end":{"line":56,"column":null}},"line":50},"7":{"name":"(anonymous_7)","decl":{"start":{"line":52,"column":4},"end":{"line":52,"column":null}},"loc":{"start":{"line":53,"column":10},"end":{"line":53,"column":null}},"line":53},"8":{"name":"(anonymous_8)","decl":{"start":{"line":53,"column":10},"end":{"line":53,"column":null}},"loc":{"start":{"line":54,"column":10},"end":{"line":54,"column":null}},"line":54},"9":{"name":"getOrdersForTesting","decl":{"start":{"line":58,"column":16},"end":{"line":58,"column":47}},"loc":{"start":{"line":58,"column":47},"end":{"line":60,"column":null}},"line":58},"10":{"name":"createOrder","decl":{"start":{"line":62,"column":16},"end":{"line":62,"column":28}},"loc":{"start":{"line":62,"column":82},"end":{"line":78,"column":null}},"line":62},"11":{"name":"(anonymous_11)","decl":{"start":{"line":63,"column":22},"end":{"line":63,"column":30}},"loc":{"start":{"line":63,"column":39},"end":{"line":63,"column":60}},"line":63},"12":{"name":"markPickedUp","decl":{"start":{"line":80,"column":16},"end":{"line":80,"column":29}},"loc":{"start":{"line":80,"column":41},"end":{"line":83,"column":null}},"line":80},"13":{"name":"(anonymous_13)","decl":{"start":{"line":81,"column":16},"end":{"line":81,"column":21}},"loc":{"start":{"line":81,"column":28},"end":{"line":81,"column":89}},"line":81},"14":{"name":"clearPickedUp","decl":{"start":{"line":85,"column":16},"end":{"line":85,"column":32}},"loc":{"start":{"line":85,"column":32},"end":{"line":88,"column":null}},"line":85},"15":{"name":"(anonymous_15)","decl":{"start":{"line":86,"column":16},"end":{"line":86,"column":24}},"loc":{"start":{"line":86,"column":30},"end":{"line":86,"column":53}},"line":86},"16":{"name":"_resetStoreForTesting","decl":{"start":{"line":90,"column":16},"end":{"line":90,"column":40}},"loc":{"start":{"line":90,"column":40},"end":{"line":93,"column":null}},"line":90},"17":{"name":"scheduleAdvance","decl":{"start":{"line":95,"column":9},"end":{"line":95,"column":25}},"loc":{"start":{"line":95,"column":37},"end":{"line":109,"column":null}},"line":95},"18":{"name":"(anonymous_18)","decl":{"start":{"line":97,"column":8},"end":{"line":97,"column":24}},"loc":{"start":{"line":97,"column":24},"end":{"line":106,"column":null}},"line":97},"19":{"name":"(anonymous_19)","decl":{"start":{"line":98,"column":20},"end":{"line":98,"column":26}},"loc":{"start":{"line":98,"column":32},"end":{"line":98,"column":43}},"line":98},"20":{"name":"(anonymous_20)","decl":{"start":{"line":103,"column":18},"end":{"line":103,"column":23}},"loc":{"start":{"line":103,"column":30},"end":{"line":103,"column":70}},"line":103},"21":{"name":"(anonymous_21)","decl":{"start":{"line":107,"column":36},"end":{"line":107,"column":42}},"loc":{"start":{"line":107,"column":48},"end":{"line":107,"column":59}},"line":107},"22":{"name":"(anonymous_22)","decl":{"start":{"line":108,"column":36},"end":{"line":108,"column":42}},"loc":{"start":{"line":108,"column":48},"end":{"line":108,"column":59}},"line":108},"23":{"name":"orderProgress","decl":{"start":{"line":111,"column":16},"end":{"line":111,"column":30}},"loc":{"start":{"line":111,"column":48},"end":{"line":115,"column":null}},"line":111},"24":{"name":"orderEtaLabel","decl":{"start":{"line":117,"column":16},"end":{"line":117,"column":30}},"loc":{"start":{"line":117,"column":48},"end":{"line":123,"column":null}},"line":117}},"branchMap":{"0":{"loc":{"start":{"line":22,"column":2},"end":{"line":22,"column":null}},"type":"if","locations":[{"start":{"line":22,"column":2},"end":{"line":22,"column":null}},{"start":{},"end":{}}],"line":22},"1":{"loc":{"start":{"line":25,"column":11},"end":{"line":25,"column":null}},"type":"cond-expr","locations":[{"start":{"line":25,"column":18},"end":{"line":25,"column":48}},{"start":{"line":25,"column":48},"end":{"line":25,"column":null}}],"line":25},"2":{"loc":{"start":{"line":31,"column":2},"end":{"line":31,"column":null}},"type":"if","locations":[{"start":{"line":31,"column":2},"end":{"line":31,"column":null}},{"start":{},"end":{}}],"line":31},"3":{"loc":{"start":{"line":62,"column":48},"end":{"line":62,"column":82}},"type":"default-arg","locations":[{"start":{"line":62,"column":56},"end":{"line":62,"column":82}}],"line":62},"4":{"loc":{"start":{"line":81,"column":28},"end":{"line":81,"column":89}},"type":"cond-expr","locations":[{"start":{"line":81,"column":42},"end":{"line":81,"column":87}},{"start":{"line":81,"column":87},"end":{"line":81,"column":89}}],"line":81},"5":{"loc":{"start":{"line":96,"column":2},"end":{"line":96,"column":null}},"type":"if","locations":[{"start":{"line":96,"column":2},"end":{"line":96,"column":null}},{"start":{},"end":{}}],"line":96},"6":{"loc":{"start":{"line":99,"column":4},"end":{"line":99,"column":null}},"type":"if","locations":[{"start":{"line":99,"column":4},"end":{"line":99,"column":null}},{"start":{},"end":{}}],"line":99},"7":{"loc":{"start":{"line":99,"column":8},"end":{"line":99,"column":39}},"type":"binary-expr","locations":[{"start":{"line":99,"column":8},"end":{"line":99,"column":14}},{"start":{"line":99,"column":14},"end":{"line":99,"column":39}}],"line":99},"8":{"loc":{"start":{"line":102,"column":4},"end":{"line":102,"column":null}},"type":"if","locations":[{"start":{"line":102,"column":4},"end":{"line":102,"column":null}},{"start":{},"end":{}}],"line":102},"9":{"loc":{"start":{"line":102,"column":8},"end":{"line":102,"column":39}},"type":"binary-expr","locations":[{"start":{"line":102,"column":8},"end":{"line":102,"column":17}},{"start":{"line":102,"column":17},"end":{"line":102,"column":39}}],"line":102},"10":{"loc":{"start":{"line":103,"column":30},"end":{"line":103,"column":70}},"type":"cond-expr","locations":[{"start":{"line":103,"column":44},"end":{"line":103,"column":68}},{"start":{"line":103,"column":68},"end":{"line":103,"column":70}}],"line":103},"11":{"loc":{"start":{"line":105,"column":4},"end":{"line":105,"column":null}},"type":"if","locations":[{"start":{"line":105,"column":4},"end":{"line":105,"column":null}},{"start":{},"end":{}}],"line":105},"12":{"loc":{"start":{"line":107,"column":30},"end":{"line":107,"column":82}},"type":"binary-expr","locations":[{"start":{"line":107,"column":30},"end":{"line":107,"column":76}},{"start":{"line":107,"column":76},"end":{"line":107,"column":82}}],"line":107},"13":{"loc":{"start":{"line":108,"column":30},"end":{"line":108,"column":82}},"type":"binary-expr","locations":[{"start":{"line":108,"column":30},"end":{"line":108,"column":76}},{"start":{"line":108,"column":76},"end":{"line":108,"column":82}}],"line":108},"14":{"loc":{"start":{"line":113,"column":2},"end":{"line":113,"column":null}},"type":"if","locations":[{"start":{"line":113,"column":2},"end":{"line":113,"column":null}},{"start":{},"end":{}}],"line":113},"15":{"loc":{"start":{"line":119,"column":2},"end":{"line":119,"column":null}},"type":"if","locations":[{"start":{"line":119,"column":2},"end":{"line":119,"column":null}},{"start":{},"end":{}}],"line":119},"16":{"loc":{"start":{"line":120,"column":2},"end":{"line":120,"column":null}},"type":"if","locations":[{"start":{"line":120,"column":2},"end":{"line":120,"column":null}},{"start":{},"end":{}}],"line":120},"17":{"loc":{"start":{"line":121,"column":2},"end":{"line":121,"column":null}},"type":"if","locations":[{"start":{"line":121,"column":2},"end":{"line":121,"column":null}},{"start":{},"end":{}}],"line":121}},"s":{"0":2,"1":2,"2":2,"3":2,"4":2,"5":0,"6":2,"7":2,"8":2,"9":1,"10":10,"11":0,"12":10,"13":10,"14":10,"15":10,"16":1,"17":3,"18":3,"19":3,"20":2,"21":4,"22":13,"23":1,"24":5,"25":5,"26":6,"27":5,"28":5,"29":5,"30":5,"31":5,"32":5,"33":2,"34":2,"35":2,"36":1,"37":1,"38":1,"39":11,"40":11,"41":5,"42":0,"43":5,"44":3,"45":3,"46":3,"47":0,"48":3,"49":3,"50":3,"51":1,"52":2,"53":2,"54":2,"55":2,"56":1,"57":5,"58":5,"59":5,"60":5,"61":5,"62":5,"63":1,"64":4,"65":5,"66":5,"67":1,"68":4,"69":2,"70":2,"71":1,"72":1},"f":{"0":2,"1":10,"2":10,"3":1,"4":3,"5":3,"6":4,"7":13,"8":1,"9":5,"10":5,"11":6,"12":2,"13":2,"14":1,"15":1,"16":11,"17":5,"18":3,"19":3,"20":2,"21":5,"22":5,"23":5,"24":5},"b":{"0":[0,2],"1":[0,1],"2":[0,10],"3":[5],"4":[2,0],"5":[0,5],"6":[0,3],"7":[3,3],"8":[1,2],"9":[3,3],"10":[2,0],"11":[1,1],"12":[5,0],"13":[5,0],"14":[1,4],"15":[1,4],"16":[2,2],"17":[1,1]},"meta":{"lastBranch":18,"lastFunction":25,"lastStatement":73,"seen":{"s:15:12:15:Infinity":0,"s:16:29:16:Infinity":1,"s:18:18:18:Infinity":2,"s:19:21:19:Infinity":3,"f:21:9:21:25":0,"b:22:2:22:Infinity:undefined:undefined:undefined:undefined":0,"s:22:2:22:Infinity":4,"s:22:37:22:Infinity":5,"s:23:2:28:Infinity":6,"s:24:16:24:Infinity":7,"s:25:4:25:Infinity":8,"b:25:18:25:48:25:48:25:Infinity":1,"s:27:4:27:Infinity":9,"f:30:9:30:16":1,"b:31:2:31:Infinity:undefined:undefined:undefined:undefined":2,"s:31:2:31:Infinity":10,"s:31:37:31:Infinity":11,"s:32:2:36:Infinity":12,"s:33:4:33:Infinity":13,"f:38:9:38:16":2,"s:39:2:39:Infinity":14,"s:40:2:40:Infinity":15,"f:40:12:40:21":3,"s:40:27:40:30":16,"f:43:9:43:19":4,"s:44:2:44:Infinity":17,"s:45:2:45:Infinity":18,"f:45:2:45:15":5,"s:45:15:45:Infinity":19,"s:48:29:48:Infinity":20,"f:50:16:50:37":6,"s:51:2:55:Infinity":21,"f:52:4:52:Infinity":7,"s:53:10:53:Infinity":22,"f:53:10:53:Infinity":8,"s:54:10:54:Infinity":23,"f:58:16:58:47":9,"s:59:2:59:Infinity":24,"f:62:16:62:28":10,"b:62:56:62:82":3,"s:63:16:63:Infinity":25,"f:63:22:63:30":11,"s:63:39:63:60":26,"s:64:21:64:Infinity":27,"s:65:23:73:Infinity":28,"s:74:2:74:Infinity":29,"s:75:2:75:Infinity":30,"s:76:2:76:Infinity":31,"s:77:2:77:Infinity":32,"f:80:16:80:29":12,"s:81:2:81:Infinity":33,"f:81:16:81:21":13,"s:81:28:81:89":34,"b:81:42:81:87:81:87:81:89":4,"s:82:2:82:Infinity":35,"f:85:16:85:32":14,"s:86:2:86:Infinity":36,"f:86:16:86:24":15,"s:86:30:86:53":37,"s:87:2:87:Infinity":38,"f:90:16:90:40":16,"s:91:2:91:Infinity":39,"s:92:2:92:Infinity":40,"f:95:9:95:25":17,"b:96:2:96:Infinity:undefined:undefined:undefined:undefined":5,"s:96:2:96:Infinity":41,"s:96:37:96:Infinity":42,"s:97:8:106:Infinity":43,"f:97:8:97:24":18,"s:98:14:98:Infinity":44,"f:98:20:98:26":19,"s:98:32:98:43":45,"b:99:4:99:Infinity:undefined:undefined:undefined:undefined":6,"s:99:4:99:Infinity":46,"b:99:8:99:14:99:14:99:39":7,"s:99:39:99:Infinity":47,"s:100:20:100:Infinity":48,"s:101:17:101:Infinity":49,"b:102:4:102:Infinity:undefined:undefined:undefined:undefined":8,"s:102:4:102:Infinity":50,"b:102:8:102:17:102:17:102:39":9,"s:102:39:102:Infinity":51,"s:103:4:103:Infinity":52,"f:103:18:103:23":20,"s:103:30:103:70":53,"b:103:44:103:68:103:68:103:70":10,"s:104:4:104:Infinity":54,"b:105:4:105:Infinity:undefined:undefined:undefined:undefined":11,"s:105:4:105:Infinity":55,"s:105:26:105:Infinity":56,"s:107:2:107:Infinity":57,"b:107:30:107:76:107:76:107:82":12,"f:107:36:107:42":21,"s:107:48:107:59":58,"s:108:2:108:Infinity":59,"b:108:30:108:76:108:76:108:82":13,"f:108:36:108:42":22,"s:108:48:108:59":60,"f:111:16:111:30":23,"s:112:8:112:Infinity":61,"b:113:2:113:Infinity:undefined:undefined:undefined:undefined":14,"s:113:2:113:Infinity":62,"s:113:31:113:Infinity":63,"s:114:2:114:Infinity":64,"f:117:16:117:30":24,"s:118:20:118:Infinity":65,"b:119:2:119:Infinity:undefined:undefined:undefined:undefined":15,"s:119:2:119:Infinity":66,"s:119:27:119:Infinity":67,"b:120:2:120:Infinity:undefined:undefined:undefined:undefined":16,"s:120:2:120:Infinity":68,"s:120:31:120:Infinity":69,"b:121:2:121:Infinity:undefined:undefined:undefined:undefined":17,"s:121:2:121:Infinity":70,"s:121:22:121:Infinity":71,"s:122:2:122:Infinity":72},"fnNames":{}}}
,"/app/applet/src/lib/translate.functions.ts": {"path":"/app/applet/src/lib/translate.functions.ts","statementMap":{"0":{"start":{"line":6,"column":25},"end":{"line":15,"column":null}},"1":{"start":{"line":18,"column":20},"end":{"line":21,"column":null}},"2":{"start":{"line":23,"column":70},"end":{"line":54,"column":null}},"3":{"start":{"line":56,"column":58},"end":{"line":157,"column":null}},"4":{"start":{"line":160,"column":2},"end":{"line":160,"column":null}},"5":{"start":{"line":160,"column":27},"end":{"line":160,"column":null}},"6":{"start":{"line":163,"column":18},"end":{"line":163,"column":null}},"7":{"start":{"line":164,"column":2},"end":{"line":171,"column":null}},"8":{"start":{"line":165,"column":4},"end":{"line":170,"column":null}},"9":{"start":{"line":169,"column":6},"end":{"line":169,"column":null}},"10":{"start":{"line":174,"column":14},"end":{"line":174,"column":null}},"11":{"start":{"line":175,"column":2},"end":{"line":186,"column":null}},"12":{"start":{"line":176,"column":18},"end":{"line":176,"column":null}},"13":{"start":{"line":177,"column":4},"end":{"line":184,"column":null}},"14":{"start":{"line":178,"column":24},"end":{"line":178,"column":null}},"15":{"start":{"line":180,"column":6},"end":{"line":182,"column":null}},"16":{"start":{"line":181,"column":8},"end":{"line":181,"column":null}},"17":{"start":{"line":183,"column":6},"end":{"line":183,"column":null}},"18":{"start":{"line":185,"column":4},"end":{"line":185,"column":null}},"19":{"start":{"line":188,"column":25},"end":{"line":188,"column":null}},"20":{"start":{"line":191,"column":2},"end":{"line":191,"column":null}},"21":{"start":{"line":194,"column":29},"end":{"line":258,"column":null}},"22":{"start":{"line":195,"column":37},"end":{"line":195,"column":60}},"23":{"start":{"line":198,"column":6},"end":{"line":198,"column":null}},"24":{"start":{"line":199,"column":20},"end":{"line":199,"column":null}},"25":{"start":{"line":200,"column":15},"end":{"line":200,"column":null}},"26":{"start":{"line":201,"column":4},"end":{"line":201,"column":null}},"27":{"start":{"line":201,"column":16},"end":{"line":201,"column":null}},"28":{"start":{"line":203,"column":25},"end":{"line":203,"column":null}},"29":{"start":{"line":204,"column":26},"end":{"line":204,"column":null}},"30":{"start":{"line":205,"column":17},"end":{"line":205,"column":null}},"31":{"start":{"line":206,"column":19},"end":{"line":206,"column":null}},"32":{"start":{"line":208,"column":4},"end":{"line":211,"column":null}},"33":{"start":{"line":210,"column":6},"end":{"line":210,"column":null}},"34":{"start":{"line":213,"column":30},"end":{"line":213,"column":null}},"35":{"start":{"line":215,"column":4},"end":{"line":257,"column":null}},"36":{"start":{"line":216,"column":17},"end":{"line":216,"column":null}},"37":{"start":{"line":218,"column":6},"end":{"line":251,"column":null}},"38":{"start":{"line":219,"column":19},"end":{"line":226,"column":null}},"39":{"start":{"line":228,"column":25},"end":{"line":235,"column":null}},"40":{"start":{"line":237,"column":8},"end":{"line":237,"column":null}},"41":{"start":{"line":239,"column":51},"end":{"line":239,"column":null}},"42":{"start":{"line":240,"column":33},"end":{"line":240,"column":null}},"43":{"start":{"line":241,"column":24},"end":{"line":241,"column":null}},"44":{"start":{"line":243,"column":20},"end":{"line":249,"column":null}},"45":{"start":{"line":250,"column":8},"end":{"line":250,"column":null}},"46":{"start":{"line":253,"column":6},"end":{"line":253,"column":null}},"47":{"start":{"line":256,"column":6},"end":{"line":256,"column":null}}},"fnMap":{"0":{"name":"localTranslate","decl":{"start":{"line":159,"column":16},"end":{"line":159,"column":31}},"loc":{"start":{"line":159,"column":75},"end":{"line":192,"column":null}},"line":159},"1":{"name":"(anonymous_1)","decl":{"start":{"line":175,"column":16},"end":{"line":175,"column":21}},"loc":{"start":{"line":175,"column":30},"end":{"line":186,"column":3}},"line":175},"2":{"name":"(anonymous_2)","decl":{"start":{"line":195,"column":3},"end":{"line":195,"column":19}},"loc":{"start":{"line":195,"column":37},"end":{"line":195,"column":60}},"line":195},"3":{"name":"(anonymous_3)","decl":{"start":{"line":196,"column":11},"end":{"line":196,"column":18}},"loc":{"start":{"line":196,"column":31},"end":{"line":258,"column":3}},"line":196}},"branchMap":{"0":{"loc":{"start":{"line":160,"column":2},"end":{"line":160,"column":null}},"type":"if","locations":[{"start":{"line":160,"column":2},"end":{"line":160,"column":null}},{"start":{},"end":{}}],"line":160},"1":{"loc":{"start":{"line":165,"column":4},"end":{"line":170,"column":null}},"type":"if","locations":[{"start":{"line":165,"column":4},"end":{"line":170,"column":null}},{"start":{},"end":{}}],"line":165},"2":{"loc":{"start":{"line":166,"column":6},"end":{"line":167,"column":null}},"type":"binary-expr","locations":[{"start":{"line":166,"column":6},"end":{"line":166,"column":null}},{"start":{"line":167,"column":6},"end":{"line":167,"column":null}}],"line":166},"3":{"loc":{"start":{"line":177,"column":4},"end":{"line":184,"column":null}},"type":"if","locations":[{"start":{"line":177,"column":4},"end":{"line":184,"column":null}},{"start":{},"end":{}}],"line":177},"4":{"loc":{"start":{"line":180,"column":6},"end":{"line":182,"column":null}},"type":"if","locations":[{"start":{"line":180,"column":6},"end":{"line":182,"column":null}},{"start":{},"end":{}}],"line":180},"5":{"loc":{"start":{"line":201,"column":4},"end":{"line":201,"column":null}},"type":"if","locations":[{"start":{"line":201,"column":4},"end":{"line":201,"column":null}},{"start":{},"end":{}}],"line":201},"6":{"loc":{"start":{"line":203,"column":25},"end":{"line":203,"column":null}},"type":"binary-expr","locations":[{"start":{"line":203,"column":25},"end":{"line":203,"column":48}},{"start":{"line":203,"column":48},"end":{"line":203,"column":null}}],"line":203},"7":{"loc":{"start":{"line":208,"column":4},"end":{"line":211,"column":null}},"type":"if","locations":[{"start":{"line":208,"column":4},"end":{"line":211,"column":null}},{"start":{},"end":{}}],"line":208},"8":{"loc":{"start":{"line":208,"column":8},"end":{"line":208,"column":41}},"type":"binary-expr","locations":[{"start":{"line":208,"column":8},"end":{"line":208,"column":25}},{"start":{"line":208,"column":25},"end":{"line":208,"column":41}}],"line":208},"9":{"loc":{"start":{"line":218,"column":6},"end":{"line":251,"column":null}},"type":"if","locations":[{"start":{"line":218,"column":6},"end":{"line":251,"column":null}},{"start":{"line":238,"column":13},"end":{"line":251,"column":null}}],"line":218},"10":{"loc":{"start":{"line":237,"column":15},"end":{"line":237,"column":null}},"type":"binary-expr","locations":[{"start":{"line":237,"column":15},"end":{"line":237,"column":32}},{"start":{"line":237,"column":32},"end":{"line":237,"column":null}}],"line":237},"11":{"loc":{"start":{"line":250,"column":15},"end":{"line":250,"column":null}},"type":"binary-expr","locations":[{"start":{"line":250,"column":15},"end":{"line":250,"column":27}},{"start":{"line":250,"column":27},"end":{"line":250,"column":null}}],"line":250}},"s":{"0":9,"1":9,"2":9,"3":9,"4":11,"5":1,"6":10,"7":10,"8":30,"9":2,"10":8,"11":8,"12":20,"13":20,"14":9,"15":9,"16":2,"17":7,"18":11,"19":8,"20":8,"21":9,"22":10,"23":7,"24":7,"25":7,"26":7,"27":1,"28":6,"29":7,"30":7,"31":7,"32":7,"33":1,"34":5,"35":5,"36":5,"37":5,"38":3,"39":3,"40":2,"41":2,"42":2,"43":2,"44":2,"45":2,"46":4,"47":1},"f":{"0":11,"1":20,"2":10,"3":7},"b":{"0":[1,10],"1":[2,28],"2":[30,28],"3":[9,11],"4":[2,7],"5":[1,6],"6":[6,6],"7":[1,6],"8":[7,3],"9":[3,2],"10":[2,1],"11":[2,1]},"meta":{"lastBranch":12,"lastFunction":4,"lastStatement":48,"seen":{"s:6:25:15:Infinity":0,"s:18:20:21:Infinity":1,"s:23:70:54:Infinity":2,"s:56:58:157:Infinity":3,"f:159:16:159:31":0,"b:160:2:160:Infinity:undefined:undefined:undefined:undefined":0,"s:160:2:160:Infinity":4,"s:160:27:160:Infinity":5,"s:163:18:163:Infinity":6,"s:164:2:171:Infinity":7,"b:165:4:170:Infinity:undefined:undefined:undefined:undefined":1,"s:165:4:170:Infinity":8,"b:166:6:166:Infinity:167:6:167:Infinity":2,"s:169:6:169:Infinity":9,"s:174:14:174:Infinity":10,"s:175:2:186:Infinity":11,"f:175:16:175:21":1,"s:176:18:176:Infinity":12,"b:177:4:184:Infinity:undefined:undefined:undefined:undefined":3,"s:177:4:184:Infinity":13,"s:178:24:178:Infinity":14,"b:180:6:182:Infinity:undefined:undefined:undefined:undefined":4,"s:180:6:182:Infinity":15,"s:181:8:181:Infinity":16,"s:183:6:183:Infinity":17,"s:185:4:185:Infinity":18,"s:188:25:188:Infinity":19,"s:191:2:191:Infinity":20,"s:194:29:258:Infinity":21,"f:195:3:195:19":2,"s:195:37:195:60":22,"f:196:11:196:18":3,"s:198:6:198:Infinity":23,"s:199:20:199:Infinity":24,"s:200:15:200:Infinity":25,"b:201:4:201:Infinity:undefined:undefined:undefined:undefined":5,"s:201:4:201:Infinity":26,"s:201:16:201:Infinity":27,"s:203:25:203:Infinity":28,"b:203:25:203:48:203:48:203:Infinity":6,"s:204:26:204:Infinity":29,"s:205:17:205:Infinity":30,"s:206:19:206:Infinity":31,"b:208:4:211:Infinity:undefined:undefined:undefined:undefined":7,"s:208:4:211:Infinity":32,"b:208:8:208:25:208:25:208:41":8,"s:210:6:210:Infinity":33,"s:213:30:213:Infinity":34,"s:215:4:257:Infinity":35,"s:216:17:216:Infinity":36,"b:218:6:251:Infinity:238:13:251:Infinity":9,"s:218:6:251:Infinity":37,"s:219:19:226:Infinity":38,"s:228:25:235:Infinity":39,"s:237:8:237:Infinity":40,"b:237:15:237:32:237:32:237:Infinity":10,"s:239:51:239:Infinity":41,"s:240:33:240:Infinity":42,"s:241:24:241:Infinity":43,"s:243:20:249:Infinity":44,"s:250:8:250:Infinity":45,"b:250:15:250:27:250:27:250:Infinity":11,"s:253:6:253:Infinity":46,"s:256:6:256:Infinity":47},"fnNames":{}}}
}
